<?xml version="1.0" encoding="UTF-8"?>
<!-- Generated by org.testng.reporters.JUnitReportReporter -->
<testsuite hostname="LAPTOP-U4RBV0NB" failures="0" tests="5" name="Vitiger.Organizations.CreateMultipleOrgWithIndustryTest" time="184.996" errors="0" timestamp="2023-03-10T00:19:44 IST" skipped="0">
  <testcase classname="Vitiger.Organizations.CreateMultipleOrgWithIndustryTest" name="createMultipleOrgTest" time="57.898"/>
  <system-out/>
  <testcase classname="Vitiger.Organizations.CreateMultipleOrgWithIndustryTest" name="createMultipleOrgTest" time="28.328"/>
  <system-out/>
  <testcase classname="Vitiger.Organizations.CreateMultipleOrgWithIndustryTest" name="createMultipleOrgTest" time="27.940"/>
  <system-out/>
  <testcase classname="Vitiger.Organizations.CreateMultipleOrgWithIndustryTest" name="createMultipleOrgTest" time="29.602"/>
  <system-out/>
  <testcase classname="Vitiger.Organizations.CreateMultipleOrgWithIndustryTest" name="createMultipleOrgTest" time="41.228"/>
  <system-out/>
</testsuite> <!-- Vitiger.Organizations.CreateMultipleOrgWithIndustryTest -->
