<?xml version="1.0" encoding="UTF-8"?>
<!-- Generated by org.testng.reporters.JUnitReportReporter -->
<testsuite hostname="LAPTOP-U4RBV0NB" failures="0" tests="2" name="Practice.TestNGPractice" time="0.048" errors="0" timestamp="2023-03-11T12:19:56 IST" skipped="0">
  <testcase classname="Practice.TestNGPractice" name="deleteUser" time="0.003"/>
  <system-out/>
  <testcase classname="Practice.TestNGPractice" name="createUser" time="0.045"/>
  <system-out/>
</testsuite> <!-- Practice.TestNGPractice -->
