<?xml version="1.0" encoding="UTF-8"?>
<!-- Generated by org.testng.reporters.JUnitReportReporter -->
<testsuite hostname="LAPTOP-U4RBV0NB" failures="0" tests="3" name="Practice.DataProvidePractice" time="0.047" errors="0" timestamp="2023-03-14T12:53:57 IST" skipped="0">
  <testcase classname="Practice.DataProvidePractice" name="addProduct" time="0.003"/>
  <system-out/>
  <testcase classname="Practice.DataProvidePractice" name="addProduct" time="0.040"/>
  <system-out/>
  <testcase classname="Practice.DataProvidePractice" name="addProduct" time="0.004"/>
  <system-out/>
</testsuite> <!-- Practice.DataProvidePractice -->
