<?xml version="1.0" encoding="UTF-8"?>
<!-- Generated by org.testng.reporters.JUnitReportReporter -->
<testsuite hostname="LAPTOP-U4RBV0NB" failures="0" tests="2" name="Practice.TestNGPractice" time="0.012" errors="0" timestamp="2023-03-17T13:09:58 IST" skipped="0">
  <testcase classname="Practice.TestNGPractice" name="deleteUser" time="0.002"/>
  <system-out/>
  <testcase classname="Practice.TestNGPractice" name="createUser" time="0.010"/>
  <system-out/>
</testsuite> <!-- Practice.TestNGPractice -->
