<?xml version="1.0" encoding="UTF-8"?>
<!-- Generated by org.testng.reporters.JUnitReportReporter -->
<testsuite hostname="LAPTOP-U4RBV0NB" failures="0" tests="1" name="Practice.ReadDataFromCmdLine" time="0.009" errors="0" timestamp="2023-03-20T13:02:16 IST" skipped="0">
  <testcase classname="Practice.ReadDataFromCmdLine" name="readData" time="0.009"/>
  <system-out/>
</testsuite> <!-- Practice.ReadDataFromCmdLine -->
