<?xml version="1.0" encoding="UTF-8"?>
<!-- Generated by org.testng.reporters.JUnitReportReporter -->
<testsuite hostname="LAPTOP-U4RBV0NB" failures="0" tests="3" name="Vitiger.Organizations.CreateOrganizationTest" time="57.814" errors="0" timestamp="2023-03-20T16:49:27 IST" skipped="0">
  <testcase classname="Vitiger.Organizations.CreateOrganizationTest" name="demoScript" time="9.134"/>
  <system-out/>
  <testcase classname="Vitiger.Organizations.CreateOrganizationTest" name="regional" time="11.820"/>
  <system-out/>
  <testcase classname="Vitiger.Organizations.CreateOrganizationTest" name="CreateOrganizationTest" time="36.860"/>
  <system-out/>
</testsuite> <!-- Vitiger.Organizations.CreateOrganizationTest -->
